0 info it worked if it ends with ok
1 verbose cli [ '/usr/local/bin/node', '/usr/local/bin/npm', 'run', 'watch' ]
2 info using npm@3.10.10
3 info using node@v7.2.1
4 verbose run-script [ 'prewatch', 'watch', 'postwatch' ]
5 info lifecycle jweblib@0.0.1~prewatch: jweblib@0.0.1
6 silly lifecycle jweblib@0.0.1~prewatch: no script for prewatch, continuing
7 info lifecycle jweblib@0.0.1~watch: jweblib@0.0.1
8 verbose lifecycle jweblib@0.0.1~watch: unsafe-perm in lifecycle true
9 verbose lifecycle jweblib@0.0.1~watch: PATH: /usr/local/lib/node_modules/npm/bin/node-gyp-bin:/Users/hgwang/Documents/jweblib/node_modules/.bin:/Users/hgwang/Documents/phantomjs/bin:/usr/local/bin:/usr/bin:/bin:/usr/sbin:/sbin
10 verbose lifecycle jweblib@0.0.1~watch: CWD: /Users/hgwang/Documents/jweblib
11 silly lifecycle jweblib@0.0.1~watch: Args: [ '-c', 'grunt watch' ]
12 silly lifecycle jweblib@0.0.1~watch: Returned: code: 3  signal: null
13 info lifecycle jweblib@0.0.1~watch: Failed to exec watch script
14 verbose stack Error: jweblib@0.0.1 watch: `grunt watch`
14 verbose stack Exit status 3
14 verbose stack     at EventEmitter.<anonymous> (/usr/local/lib/node_modules/npm/lib/utils/lifecycle.js:255:16)
14 verbose stack     at emitTwo (events.js:106:13)
14 verbose stack     at EventEmitter.emit (events.js:191:7)
14 verbose stack     at ChildProcess.<anonymous> (/usr/local/lib/node_modules/npm/lib/utils/spawn.js:40:14)
14 verbose stack     at emitTwo (events.js:106:13)
14 verbose stack     at ChildProcess.emit (events.js:191:7)
14 verbose stack     at maybeClose (internal/child_process.js:885:16)
14 verbose stack     at Process.ChildProcess._handle.onexit (internal/child_process.js:226:5)
15 verbose pkgid jweblib@0.0.1
16 verbose cwd /Users/hgwang/Documents/jweblib
17 error Darwin 16.1.0
18 error argv "/usr/local/bin/node" "/usr/local/bin/npm" "run" "watch"
19 error node v7.2.1
20 error npm  v3.10.10
21 error code ELIFECYCLE
22 error jweblib@0.0.1 watch: `grunt watch`
22 error Exit status 3
23 error Failed at the jweblib@0.0.1 watch script 'grunt watch'.
23 error Make sure you have the latest version of node.js and npm installed.
23 error If you do, this is most likely a problem with the jweblib package,
23 error not with npm itself.
23 error Tell the author that this fails on your system:
23 error     grunt watch
23 error You can get information on how to open an issue for this project with:
23 error     npm bugs jweblib
23 error Or if that isn't available, you can get their info via:
23 error     npm owner ls jweblib
23 error There is likely additional logging output above.
24 verbose exit [ 1, true ]
